<?xml version="1.0" encoding="UTF-8"?>
<robot generator="Robot 4.1.3 (Python 3.10.0 on win32)" generated="20211223 16:54:12.132" rpa="false" schemaversion="2">
<suite id="s1" name="Yodapp" source="C:\Users\jaque\PycharmProjects\GravidadeZERO\yodapp">
<suite id="s1-s1" name="Form" source="C:\Users\jaque\PycharmProjects\GravidadeZERO\yodapp\form.robot">
<test id="s1-s1-t1" name="Devo preencher o formulario">
<kw name="Start Session" type="SETUP">
<kw name="New Browser" library="Browser">
<arg>chromium</arg>
<arg>headless=False</arg>
<tag>BrowserControl</tag>
<tag>Setter</tag>
<doc>Create a new playwright Browser with specified options.</doc>
<msg timestamp="20211223 16:54:13.679" level="INFO">{"browser": "chromium", "headless": false, "handleSIGINT": true, "handleSIGTERM": true, "handleSIGHUP": true, "timeout": 30000.0, "devtools": false, "slowMo": 0.0, "tracesDir": "C:\\Users\\jaque\\PycharmProjects\\GravidadeZERO\\yodapp\\logs\\browser\\traces\\dfc77b40-b4e6-4a76-94ef-7d4101221345"}</msg>
<msg timestamp="20211223 16:54:15.046" level="INFO">Successfully created browser with options: {"browser":"chromium","headless":false,"handleSIGINT":true,"handleSIGTERM":true,"handleSIGHUP":true,"timeout":30000,"devtools":false,"slowMo":0,"tracesDir":"C:\\Users\\jaque\\PycharmProjects\\GravidadeZERO\\yodapp\\logs\\browser\\traces\\dfc77b40-b4e6-4a76-94ef-7d4101221345"}</msg>
<status status="PASS" starttime="20211223 16:54:13.679" endtime="20211223 16:54:15.046"/>
</kw>
<kw name="New Page" library="Browser">
<arg>https://demoqa.com/</arg>
<tag>BrowserControl</tag>
<tag>Setter</tag>
<doc>Open a new Page.</doc>
<msg timestamp="20211223 16:54:20.722" level="INFO">Successfully initialized new page object and opened url: https://demoqa.com/</msg>
<msg timestamp="20211223 16:54:20.722" level="INFO">No context was open. New context was automatically opened when this page is created.</msg>
<status status="PASS" starttime="20211223 16:54:15.046" endtime="20211223 16:54:20.722"/>
</kw>
<status status="PASS" starttime="20211223 16:54:13.678" endtime="20211223 16:54:20.723"/>
</kw>
<kw name="Click" library="Browser">
<arg>css=div.card:nth-child(2)</arg>
<tag>PageContent</tag>
<tag>Setter</tag>
<doc>Simulates mouse click on the element found by ``selector``.</doc>
<status status="PASS" starttime="20211223 16:54:20.726" endtime="20211223 16:54:20.915"/>
</kw>
<kw name="Click" library="Browser">
<arg>css=span.text &gt;&gt; text=Practice Form</arg>
<tag>PageContent</tag>
<tag>Setter</tag>
<doc>Simulates mouse click on the element found by ``selector``.</doc>
<status status="PASS" starttime="20211223 16:54:20.920" endtime="20211223 16:54:21.385"/>
</kw>
<kw name="Wait For Elements State" library="Browser">
<arg>css=div.main-header &gt;&gt; text=Practice Form</arg>
<arg>visible</arg>
<arg>5</arg>
<tag>PageContent</tag>
<tag>Wait</tag>
<doc>Waits for the element found by ``selector`` to satisfy state option.</doc>
<msg timestamp="20211223 16:54:21.437" level="INFO">Waited for Element with selector css=div.main-header &gt;&gt; text=Practice Form at state visible</msg>
<status status="PASS" starttime="20211223 16:54:21.417" endtime="20211223 16:54:21.438"/>
</kw>
<kw name="Fill Text" library="Browser">
<arg>id=firstName</arg>
<arg>Mestre</arg>
<tag>PageContent</tag>
<tag>Setter</tag>
<doc>Clears and fills the given ``txt`` into the text field found by ``selector``.</doc>
<msg timestamp="20211223 16:54:21.680" level="INFO">Fills the text 'Mestre' in the given field.</msg>
<status status="PASS" starttime="20211223 16:54:21.680" endtime="20211223 16:54:21.757"/>
</kw>
<kw name="Fill Text" library="Browser">
<arg>id=lastName</arg>
<arg>Yoda</arg>
<tag>PageContent</tag>
<tag>Setter</tag>
<doc>Clears and fills the given ``txt`` into the text field found by ``selector``.</doc>
<msg timestamp="20211223 16:54:21.773" level="INFO">Fills the text 'Yoda' in the given field.</msg>
<status status="PASS" starttime="20211223 16:54:21.773" endtime="20211223 16:54:21.822"/>
</kw>
<kw name="Fill Text" library="Browser">
<arg>id=userEmail</arg>
<arg>yoda@jedi.com</arg>
<tag>PageContent</tag>
<tag>Setter</tag>
<doc>Clears and fills the given ``txt`` into the text field found by ``selector``.</doc>
<msg timestamp="20211223 16:54:21.825" level="INFO">Fills the text 'yoda@jedi.com' in the given field.</msg>
<status status="PASS" starttime="20211223 16:54:21.825" endtime="20211223 16:54:21.864"/>
</kw>
<kw name="Click" library="Browser">
<arg>id=state</arg>
<tag>PageContent</tag>
<tag>Setter</tag>
<doc>Simulates mouse click on the element found by ``selector``.</doc>
<status status="PASS" starttime="20211223 16:54:21.865" endtime="20211223 16:54:21.973"/>
</kw>
<kw name="Click" library="Browser">
<arg>text=Haryana</arg>
<tag>PageContent</tag>
<tag>Setter</tag>
<doc>Simulates mouse click on the element found by ``selector``.</doc>
<status status="PASS" starttime="20211223 16:54:21.976" endtime="20211223 16:54:22.100"/>
</kw>
<kw name="End Session" type="TEARDOWN">
<kw name="Take Screenshot" library="Browser">
<tag>PageContent</tag>
<doc>Takes a screenshot of the current window or element and saves it to disk.</doc>
<msg timestamp="20211223 16:54:22.347" level="INFO" html="true">&lt;/td&gt;&lt;/tr&gt;&lt;tr&gt;&lt;td colspan="3"&gt;&lt;a href="browser/screenshot/robotframework-browser-screenshot-1.png"&gt;&lt;img src="browser/screenshot/robotframework-browser-screenshot-1.png" width="800px"&gt;&lt;/a&gt;</msg>
<status status="PASS" starttime="20211223 16:54:22.103" endtime="20211223 16:54:22.347"/>
</kw>
<status status="PASS" starttime="20211223 16:54:22.102" endtime="20211223 16:54:22.347"/>
</kw>
<status status="PASS" starttime="20211223 16:54:13.675" endtime="20211223 16:54:22.347"/>
</test>
<doc>Suite de testes para preencher um formulário</doc>
<status status="PASS" starttime="20211223 16:54:12.174" endtime="20211223 16:54:22.562"/>
</suite>
<status status="PASS" starttime="20211223 16:54:12.135" endtime="20211223 16:54:22.572"/>
</suite>
<statistics>
<total>
<stat pass="1" fail="0" skip="0">All Tests</stat>
</total>
<tag>
</tag>
<suite>
<stat pass="1" fail="0" skip="0" id="s1" name="Yodapp">Yodapp</stat>
<stat pass="1" fail="0" skip="0" id="s1-s1" name="Form">Yodapp.Form</stat>
</suite>
</statistics>
<errors>
</errors>
</robot>
