<?xml version="1.0" encoding="UTF-8"?>
<robot generator="Robot 4.1.3 (Python 3.10.0 on win32)" generated="20211222 16:21:41.732" rpa="false" schemaversion="2">
<suite id="s1" name="GravidadeZERO" source="C:\Users\jaque\PycharmProjects\GravidadeZERO">
<suite id="s1-s1" name="Yodapp" source="C:\Users\jaque\PycharmProjects\GravidadeZERO\yodapp">
<suite id="s1-s1-s1" name="Online" source="C:\Users\jaque\PycharmProjects\GravidadeZERO\yodapp\online.robot">
<test id="s1-s1-s1-t1" name="Deve exibir mensagem na tela">
<kw name="New Browser" library="Browser">
<arg>chromium</arg>
<arg>headless=False</arg>
<arg>slowMo=00:00:01</arg>
<tag>BrowserControl</tag>
<tag>Setter</tag>
<doc>Create a new playwright Browser with specified options.</doc>
<msg timestamp="20211222 16:21:43.253" level="INFO">{"browser": "chromium", "headless": false, "handleSIGINT": true, "handleSIGTERM": true, "handleSIGHUP": true, "timeout": 30000.0, "devtools": false, "slowMo": 1000.0, "tracesDir": "C:\\Users\\jaque\\PycharmProjects\\GravidadeZERO\\yodapp\\logs\\browser\\traces\\b27be226-0389-46ce-b9f1-6dc01d986f84"}</msg>
<msg timestamp="20211222 16:21:44.502" level="INFO">Successfully created browser with options: {"browser":"chromium","headless":false,"handleSIGINT":true,"handleSIGTERM":true,"handleSIGHUP":true,"timeout":30000,"devtools":false,"slowMo":1000,"tracesDir":"C:\\Users\\jaque\\PycharmProjects\\GravidadeZERO\\yodapp\\logs\\browser\\traces\\b27be226-0389-46ce-b9f1-6dc01d986f84"}</msg>
<status status="PASS" starttime="20211222 16:21:43.252" endtime="20211222 16:21:44.503"/>
</kw>
<kw name="New Page" library="Browser">
<arg>https://qaninja.academy/</arg>
<tag>BrowserControl</tag>
<tag>Setter</tag>
<doc>Open a new Page.</doc>
<msg timestamp="20211222 16:21:51.407" level="INFO">Successfully initialized new page object and opened url: https://qaninja.academy/</msg>
<msg timestamp="20211222 16:21:51.407" level="INFO">No context was open. New context was automatically opened when this page is created.</msg>
<status status="PASS" starttime="20211222 16:21:44.510" endtime="20211222 16:21:51.408"/>
</kw>
<kw name="Wait For Elements State" library="Browser">
<arg>css=h3 &gt;&gt; text=Destaque</arg>
<arg>visible</arg>
<arg>5</arg>
<tag>PageContent</tag>
<tag>Wait</tag>
<doc>Waits for the element found by ``selector`` to satisfy state option.</doc>
<msg timestamp="20211222 16:21:51.469" level="INFO">Waited for Element with selector css=h3 &gt;&gt; text=Destaque at state visible</msg>
<status status="PASS" starttime="20211222 16:21:51.409" endtime="20211222 16:21:51.469"/>
</kw>
<kw name="Take Screenshot" library="Browser">
<tag>PageContent</tag>
<doc>Takes a screenshot of the current window or element and saves it to disk.</doc>
<msg timestamp="20211222 16:21:51.687" level="INFO" html="true">&lt;/td&gt;&lt;/tr&gt;&lt;tr&gt;&lt;td colspan="3"&gt;&lt;a href="browser/screenshot/robotframework-browser-screenshot-1.png"&gt;&lt;img src="browser/screenshot/robotframework-browser-screenshot-1.png" width="800px"&gt;&lt;/a&gt;</msg>
<status status="PASS" starttime="20211222 16:21:51.470" endtime="20211222 16:21:51.687"/>
</kw>
<status status="PASS" starttime="20211222 16:21:43.248" endtime="20211222 16:21:51.688"/>
</test>
<doc>Suite de testes para verificar se o app esta online</doc>
<status status="PASS" starttime="20211222 16:21:41.773" endtime="20211222 16:21:52.043"/>
</suite>
<status status="PASS" starttime="20211222 16:21:41.768" endtime="20211222 16:21:52.082"/>
</suite>
<status status="PASS" starttime="20211222 16:21:41.738" endtime="20211222 16:21:52.086"/>
</suite>
<statistics>
<total>
<stat pass="1" fail="0" skip="0">All Tests</stat>
</total>
<tag>
</tag>
<suite>
<stat pass="1" fail="0" skip="0" id="s1" name="GravidadeZERO">GravidadeZERO</stat>
<stat pass="1" fail="0" skip="0" id="s1-s1" name="Yodapp">GravidadeZERO.Yodapp</stat>
<stat pass="1" fail="0" skip="0" id="s1-s1-s1" name="Online">GravidadeZERO.Yodapp.Online</stat>
</suite>
</statistics>
<errors>
</errors>
</robot>
